  Application.cpp
C:\Program Files\Microsoft Visual Studio\2022\Community\VC\Tools\MSVC\14.39.33519\include\filesystem(12): warning STL4038: The contents of <filesystem> are available only with C++17 or later.
C:\Users\deft\Documents\Classes\Comp490\OpenVR-3DModelerTool\OpenVR-3DModelerTool\src\Renderer\Scene.h(93,70): warning C4267: 'argument': conversion from 'size_t' to 'unsigned int', possible loss of data
  (compiling source file 'src/Application.cpp')
  
C:\Users\deft\Documents\Classes\Comp490\OpenVR-3DModelerTool\OpenVR-3DModelerTool\src\Renderer\Scene.h(94,68): warning C4267: 'argument': conversion from 'size_t' to 'unsigned int', possible loss of data
  (compiling source file 'src/Application.cpp')
  
C:\Users\deft\Documents\Classes\Comp490\OpenVR-3DModelerTool\OpenVR-3DModelerTool\src\Renderer\Scene.h(102,36): warning C4018: '<': signed/unsigned mismatch
  (compiling source file 'src/Application.cpp')
  
C:\Users\deft\Documents\Classes\Comp490\OpenVR-3DModelerTool\OpenVR-3DModelerTool\src\Renderer\Scene.h(103,40): warning C4018: '<': signed/unsigned mismatch
  (compiling source file 'src/Application.cpp')
  
C:\Users\deft\Documents\Classes\Comp490\OpenVR-3DModelerTool\OpenVR-3DModelerTool\src\Application.cpp(246,12): warning C4551: function call missing argument list
C:\Users\deft\Documents\Classes\Comp490\OpenVR-3DModelerTool\OpenVR-3DModelerTool\src\Application.cpp(464,16): warning C4244: 'return': conversion from 'double' to 'float', possible loss of data
C:\Users\deft\Documents\Classes\Comp490\OpenVR-3DModelerTool\OpenVR-3DModelerTool\src\Application.cpp(526,16): warning C4244: '+=': conversion from 'double' to 'float', possible loss of data
C:\Users\deft\Documents\Classes\Comp490\OpenVR-3DModelerTool\OpenVR-3DModelerTool\src\Application.cpp(527,18): warning C4244: '+=': conversion from 'double' to 'float', possible loss of data
C:\Users\deft\Documents\Classes\Comp490\OpenVR-3DModelerTool\OpenVR-3DModelerTool\src\Application.cpp(595,19): warning C4267: 'initializing': conversion from 'size_t' to 'int', possible loss of data
C:\Users\deft\Documents\Classes\Comp490\OpenVR-3DModelerTool\OpenVR-3DModelerTool\src\Application.cpp(644,32): warning C4018: '<': signed/unsigned mismatch
C:\Users\deft\Documents\Classes\Comp490\OpenVR-3DModelerTool\OpenVR-3DModelerTool\src\Application.cpp(645,36): warning C4018: '<': signed/unsigned mismatch
LINK : warning LNK4098: defaultlib 'MSVCRT' conflicts with use of other libs; use /NODEFAULTLIB:library
  OpenVR-3DModelerTool.vcxproj -> C:\Users\deft\Documents\Classes\Comp490\OpenVR-3DModelerTool\x64\Debug\OpenVR-3DModelerTool.exe
  'pwsh.exe' is not recognized as an internal or external command,
  operable program or batch file.
  0 File(s) copied
  0 File(s) copied
